wget
git
subversion
mercurial
unzip
mysql
mysql-server
mysql-devel
ImageMagick
ImageMagick-devel
#ruby
#ruby-devel
#rubygem-rake
#rubygem-rake-compiler
#rubygem-rack
#ruby-RMagick
httpd
httpd-devel
sudo
gcc-c++
make
patch
apr-devel
openssl-devel
curl-devel
zlib-devel
#ruby-mysql
mod_auth_mysql
mod_dav_svn
mod_wsgi 
mod_perl
perl-Apache-DBI
perl-Digest-SHA
# for backlogs
#rubygem-nokogiri
libical
python-docutils
# for build ruby1.9.x
rpm-build
rpmdevtools
readline-devel
ncurses-devel
gdbm-devel
tcl-devel
openssl-devel
db4-devel
byacc
libyaml-devel
glibc-devel
# to build RMagick gem
ImageMagick-devel
# to build nokogiri gem
libxml2-devel
libxslt-devel
# to build mysql gem
mysql-devel
# to run bundle
#postgresql-devel
#sqlite-devel
libffi-devel
